
Showing logs for build [32mcb-kubecd-environment-pr-208-53-jwrxz-1[0m stage [32mfrom-build-pack[0m and container [32mstep-credential-initializer-cvtdl[0m
{"level":"info","ts":1587709802.9942791,"logger":"fallback-logger","caller":"logging/config.go:69","msg":"Fetch GitHub commit ID from kodata failed: open /var/run/ko/refs/heads/0.8.0-ns-support: no such file or directory"}
{"level":"info","ts":1587709802.9964423,"logger":"fallback-logger","caller":"creds-init/main.go:40","msg":"Credentials initialized."}

Showing logs for build [32mcb-kubecd-environment-pr-208-53-jwrxz-1[0m stage [32mfrom-build-pack[0m and container [32mstep-working-dir-initializer-2bw72[0m
{"level":"info","ts":1587709803.684117,"logger":"fallback-logger","caller":"logging/config.go:69","msg":"Fetch GitHub commit ID from kodata failed: open /var/run/ko/HEAD: no such file or directory"}
{"level":"info","ts":1587709803.6857414,"logger":"fallback-logger","caller":"bash/main.go:64","msg":"Successfully executed command \"sh -c mkdir -p /workspace/source\"; output "}

Showing logs for build [32mcb-kubecd-environment-pr-208-53-jwrxz-1[0m stage [32mfrom-build-pack[0m and container [32mstep-place-tools[0m

Showing logs for build [32mcb-kubecd-environment-pr-208-53-jwrxz-1[0m stage [32mfrom-build-pack[0m and container [32mstep-git-source-cb-kubecd-environment-pr-208-53-jwrxz-xlxzp[0m
{"level":"info","ts":1587709808.873494,"logger":"fallback-logger","caller":"logging/config.go:69","msg":"Fetch GitHub commit ID from kodata failed: open /var/run/ko/refs/heads/0.8.0-ns-support: no such file or directory"}
{"level":"info","ts":1587709809.9795306,"logger":"fallback-logger","caller":"git/git.go:103","msg":"Successfully cloned https://github.com/cb-kubecd/environment-pr-208-53-boot-gke-staging.git @ master in path /workspace/source"}

Showing logs for build [32mcb-kubecd-environment-pr-208-53-jwrxz-1[0m stage [32mfrom-build-pack[0m and container [32mstep-git-merge[0m
Using SHAs from PULL_REFS=master:2854b3a8df2188f74fbf2237c34889aa8baa0f78,1:849b8b3a0ac281d30fdb787721593cc2e6bf778f
DEBUG: LC_ALL=C JX_LOG_LEVEL=error git fetch origin --unshallow 849b8b3a0ac281d30fdb787721593cc2e6bf778f: 2854b3a8df2188f74fbf2237c34889aa8baa0f78:
DEBUG: ran git fetch --unshallow origin 849b8b3a0ac281d30fdb787721593cc2e6bf778f: 2854b3a8df2188f74fbf2237c34889aa8baa0f78: in 
DEBUG: JX_LOG_LEVEL=error LC_ALL=C git branch
DEBUG: LC_ALL=C JX_LOG_LEVEL=error git checkout master
DEBUG: ran git checkout master in 
DEBUG: JX_LOG_LEVEL=error LC_ALL=C git reset --hard 2854b3a8df2188f74fbf2237c34889aa8baa0f78
DEBUG: ran git reset --hard 2854b3a8df2188f74fbf2237c34889aa8baa0f78 in 
DEBUG: LC_ALL=C JX_LOG_LEVEL=error git clean -fd .
DEBUG: ran clean --force -d . in 
DEBUG: JX_LOG_LEVEL=error LC_ALL=C git merge 849b8b3a0ac281d30fdb787721593cc2e6bf778f
DEBUG: ran git merge 849b8b3a0ac281d30fdb787721593cc2e6bf778f in 
DEBUG: LC_ALL=C JX_LOG_LEVEL=error git log --format=%H%x1f%an%x1f%ae%x1f%cn%x1f%ce%x1f%s%n%b%x1e 2854b3a8df2188f74fbf2237c34889aa8baa0f78..HEAD
Merged SHA 849b8b3a0ac281d30fdb787721593cc2e6bf778f with commit message 'chore: Promote bdd-spring-1587709464 to version 0.0.1' into base branch master

Showing logs for build [32mcb-kubecd-environment-pr-208-53-jwrxz-1[0m stage [32mfrom-build-pack[0m and container [32mstep-build-helm-build[0m
WARNING: No $CHART_REPOSITORY defined so using the default value of: http://jenkins-x-chartmuseum:8080
Adding missing Helm repo: storage.googleapis.com https://storage.googleapis.com/chartmuseum.jenkins-x.io
WARNING: No secrets found on "helm/repos" due: reading the secret "helm/repos" from vault: no secret "helm/repos" not found in vault
Read credentials for https://storage.googleapis.com/chartmuseum.jenkins-x.io from vault helm/repos
Successfully added Helm repository storage.googleapis.com.
Adding missing Helm repo: jenkins-x-chartmuseum http://jenkins-x-chartmuseum:8080
WARNING: No secrets found on "helm/repos" due: reading the secret "helm/repos" from vault: no secret "helm/repos" not found in vault
Read credentials for http://jenkins-x-chartmuseum:8080 from vault helm/repos
Successfully added Helm repository jenkins-x-chartmuseum.
WARNING: No $CHART_REPOSITORY defined so using the default value of: http://jenkins-x-chartmuseum:8080
Adding missing Helm repo: chartmuseum.jenkins-x.io http://chartmuseum.jenkins-x.io
WARNING: No secrets found on "helm/repos" due: reading the secret "helm/repos" from vault: no secret "helm/repos" not found in vault
Read credentials for http://chartmuseum.jenkins-x.io from vault helm/repos
Successfully added Helm repository chartmuseum.jenkins-x.io.
