
Showing logs for build [32mcb-kubecd-environment-pr-208-53-q6bg2-1[0m stage [32mfrom-build-pack[0m and container [32mstep-credential-initializer-7c79w[0m
{"level":"info","ts":1587714850.8637156,"logger":"fallback-logger","caller":"logging/config.go:69","msg":"Fetch GitHub commit ID from kodata failed: open /var/run/ko/refs/heads/0.8.0-ns-support: no such file or directory"}
{"level":"info","ts":1587714850.866472,"logger":"fallback-logger","caller":"creds-init/main.go:40","msg":"Credentials initialized."}

Showing logs for build [32mcb-kubecd-environment-pr-208-53-q6bg2-1[0m stage [32mfrom-build-pack[0m and container [32mstep-working-dir-initializer-mfrxh[0m
{"level":"info","ts":1587714852.602299,"logger":"fallback-logger","caller":"logging/config.go:69","msg":"Fetch GitHub commit ID from kodata failed: open /var/run/ko/HEAD: no such file or directory"}
{"level":"info","ts":1587714852.6080143,"logger":"fallback-logger","caller":"bash/main.go:64","msg":"Successfully executed command \"sh -c mkdir -p /workspace/source\"; output "}

Showing logs for build [32mcb-kubecd-environment-pr-208-53-q6bg2-1[0m stage [32mfrom-build-pack[0m and container [32mstep-place-tools[0m

Showing logs for build [32mcb-kubecd-environment-pr-208-53-q6bg2-1[0m stage [32mfrom-build-pack[0m and container [32mstep-git-source-cb-kubecd-environment-pr-208-53-q6bg2-vc698[0m
{"level":"info","ts":1587714857.2959151,"logger":"fallback-logger","caller":"logging/config.go:69","msg":"Fetch GitHub commit ID from kodata failed: open /var/run/ko/refs/heads/0.8.0-ns-support: no such file or directory"}
{"level":"info","ts":1587714858.4941118,"logger":"fallback-logger","caller":"git/git.go:103","msg":"Successfully cloned https://github.com/cb-kubecd/environment-pr-208-53-boot-gke-staging.git @ master in path /workspace/source"}

Showing logs for build [32mcb-kubecd-environment-pr-208-53-q6bg2-1[0m stage [32mfrom-build-pack[0m and container [32mstep-git-merge[0m
Using SHAs from PULL_REFS=master:1b007233cb31482f15f144be0164a7a6d1e91a7b,8:2056fe5a8fa30f66266c01ffc005562dab3d2c4c
DEBUG: LC_ALL=C JX_LOG_LEVEL=error git fetch origin --unshallow 2056fe5a8fa30f66266c01ffc005562dab3d2c4c: 1b007233cb31482f15f144be0164a7a6d1e91a7b:
DEBUG: ran git fetch --unshallow origin 2056fe5a8fa30f66266c01ffc005562dab3d2c4c: 1b007233cb31482f15f144be0164a7a6d1e91a7b: in 
DEBUG: LC_ALL=C JX_LOG_LEVEL=error git branch
DEBUG: LC_ALL=C JX_LOG_LEVEL=error git checkout master
DEBUG: ran git checkout master in 
DEBUG: LC_ALL=C JX_LOG_LEVEL=error git reset --hard 1b007233cb31482f15f144be0164a7a6d1e91a7b
DEBUG: ran git reset --hard 1b007233cb31482f15f144be0164a7a6d1e91a7b in 
DEBUG: LC_ALL=C JX_LOG_LEVEL=error git clean -fd .
DEBUG: ran clean --force -d . in 
DEBUG: JX_LOG_LEVEL=error LC_ALL=C git merge 2056fe5a8fa30f66266c01ffc005562dab3d2c4c
DEBUG: ran git merge 2056fe5a8fa30f66266c01ffc005562dab3d2c4c in 
DEBUG: JX_LOG_LEVEL=error LC_ALL=C git log --format=%H%x1f%an%x1f%ae%x1f%cn%x1f%ce%x1f%s%n%b%x1e 1b007233cb31482f15f144be0164a7a6d1e91a7b..HEAD
Merged SHA 2056fe5a8fa30f66266c01ffc005562dab3d2c4c with commit message 'chore: Promote bdd-sbhg-import-1587713030 to version 0.0.1' into base branch master

Showing logs for build [32mcb-kubecd-environment-pr-208-53-q6bg2-1[0m stage [32mfrom-build-pack[0m and container [32mstep-build-helm-build[0m
WARNING: No $CHART_REPOSITORY defined so using the default value of: http://jenkins-x-chartmuseum:8080
Adding missing Helm repo: storage.googleapis.com https://storage.googleapis.com/chartmuseum.jenkins-x.io
WARNING: No secrets found on "helm/repos" due: reading the secret "helm/repos" from vault: no secret "helm/repos" not found in vault
Read credentials for https://storage.googleapis.com/chartmuseum.jenkins-x.io from vault helm/repos
Successfully added Helm repository storage.googleapis.com.
Adding missing Helm repo: jenkins-x-chartmuseum http://jenkins-x-chartmuseum:8080
WARNING: No secrets found on "helm/repos" due: reading the secret "helm/repos" from vault: no secret "helm/repos" not found in vault
Read credentials for http://jenkins-x-chartmuseum:8080 from vault helm/repos
Successfully added Helm repository jenkins-x-chartmuseum.
WARNING: No $CHART_REPOSITORY defined so using the default value of: http://jenkins-x-chartmuseum:8080
Adding missing Helm repo: chartmuseum.jenkins-x.io http://chartmuseum.jenkins-x.io
WARNING: No secrets found on "helm/repos" due: reading the secret "helm/repos" from vault: no secret "helm/repos" not found in vault
Read credentials for http://chartmuseum.jenkins-x.io from vault helm/repos
Successfully added Helm repository chartmuseum.jenkins-x.io.
