
Showing logs for build [32mcb-kubecd-environment-pr-208-53-zbz87-1[0m stage [32mfrom-build-pack[0m and container [32mstep-credential-initializer-w9bqd[0m
{"level":"info","ts":1587713892.1463397,"logger":"fallback-logger","caller":"logging/config.go:69","msg":"Fetch GitHub commit ID from kodata failed: open /var/run/ko/refs/heads/0.8.0-ns-support: no such file or directory"}
{"level":"info","ts":1587713892.1470988,"logger":"fallback-logger","caller":"creds-init/main.go:40","msg":"Credentials initialized."}

Showing logs for build [32mcb-kubecd-environment-pr-208-53-zbz87-1[0m stage [32mfrom-build-pack[0m and container [32mstep-working-dir-initializer-bxrfz[0m
{"level":"info","ts":1587713893.151745,"logger":"fallback-logger","caller":"logging/config.go:69","msg":"Fetch GitHub commit ID from kodata failed: open /var/run/ko/HEAD: no such file or directory"}
{"level":"info","ts":1587713893.1575725,"logger":"fallback-logger","caller":"bash/main.go:64","msg":"Successfully executed command \"sh -c mkdir -p /workspace/source\"; output "}

Showing logs for build [32mcb-kubecd-environment-pr-208-53-zbz87-1[0m stage [32mfrom-build-pack[0m and container [32mstep-place-tools[0m

Showing logs for build [32mcb-kubecd-environment-pr-208-53-zbz87-1[0m stage [32mfrom-build-pack[0m and container [32mstep-git-source-cb-kubecd-environment-pr-208-53-zbz87-rdjwm[0m
{"level":"info","ts":1587713896.351008,"logger":"fallback-logger","caller":"logging/config.go:69","msg":"Fetch GitHub commit ID from kodata failed: open /var/run/ko/refs/heads/0.8.0-ns-support: no such file or directory"}
{"level":"info","ts":1587713897.4086747,"logger":"fallback-logger","caller":"git/git.go:103","msg":"Successfully cloned https://github.com/cb-kubecd/environment-pr-208-53-boot-gke-staging.git @ master in path /workspace/source"}

Showing logs for build [32mcb-kubecd-environment-pr-208-53-zbz87-1[0m stage [32mfrom-build-pack[0m and container [32mstep-git-merge[0m
Using SHAs from PULL_REFS=master:09cc06c3b7ed4cb5775ef0cbfff8fd705e569148,6:a020815fe6be00aabfde9dc11b8be2027c3c9740
DEBUG: LC_ALL=C JX_LOG_LEVEL=error git fetch origin --unshallow a020815fe6be00aabfde9dc11b8be2027c3c9740: 09cc06c3b7ed4cb5775ef0cbfff8fd705e569148:
DEBUG: ran git fetch --unshallow origin a020815fe6be00aabfde9dc11b8be2027c3c9740: 09cc06c3b7ed4cb5775ef0cbfff8fd705e569148: in 
DEBUG: LC_ALL=C JX_LOG_LEVEL=error git branch
DEBUG: JX_LOG_LEVEL=error LC_ALL=C git checkout master
DEBUG: ran git checkout master in 
DEBUG: JX_LOG_LEVEL=error LC_ALL=C git reset --hard 09cc06c3b7ed4cb5775ef0cbfff8fd705e569148
DEBUG: ran git reset --hard 09cc06c3b7ed4cb5775ef0cbfff8fd705e569148 in 
DEBUG: LC_ALL=C JX_LOG_LEVEL=error git clean -fd .
DEBUG: ran clean --force -d . in 
DEBUG: LC_ALL=C JX_LOG_LEVEL=error git merge a020815fe6be00aabfde9dc11b8be2027c3c9740
DEBUG: ran git merge a020815fe6be00aabfde9dc11b8be2027c3c9740 in 
DEBUG: LC_ALL=C JX_LOG_LEVEL=error git log --format=%H%x1f%an%x1f%ae%x1f%cn%x1f%ce%x1f%s%n%b%x1e 09cc06c3b7ed4cb5775ef0cbfff8fd705e569148..HEAD
Merged SHA a020815fe6be00aabfde9dc11b8be2027c3c9740 with commit message 'chore: Promote bdd-sbrp-import-1587713030 to version 0.0.1' into base branch master

Showing logs for build [32mcb-kubecd-environment-pr-208-53-zbz87-1[0m stage [32mfrom-build-pack[0m and container [32mstep-build-helm-build[0m
WARNING: No $CHART_REPOSITORY defined so using the default value of: http://jenkins-x-chartmuseum:8080
Adding missing Helm repo: storage.googleapis.com https://storage.googleapis.com/chartmuseum.jenkins-x.io
WARNING: No secrets found on "helm/repos" due: reading the secret "helm/repos" from vault: no secret "helm/repos" not found in vault
Read credentials for https://storage.googleapis.com/chartmuseum.jenkins-x.io from vault helm/repos
Successfully added Helm repository storage.googleapis.com.
Adding missing Helm repo: jenkins-x-chartmuseum http://jenkins-x-chartmuseum:8080
WARNING: No secrets found on "helm/repos" due: reading the secret "helm/repos" from vault: no secret "helm/repos" not found in vault
Read credentials for http://jenkins-x-chartmuseum:8080 from vault helm/repos
Successfully added Helm repository jenkins-x-chartmuseum.
WARNING: No $CHART_REPOSITORY defined so using the default value of: http://jenkins-x-chartmuseum:8080
Adding missing Helm repo: chartmuseum.jenkins-x.io http://chartmuseum.jenkins-x.io
WARNING: No secrets found on "helm/repos" due: reading the secret "helm/repos" from vault: no secret "helm/repos" not found in vault
Read credentials for http://chartmuseum.jenkins-x.io from vault helm/repos
Successfully added Helm repository chartmuseum.jenkins-x.io.
