
Showing logs for build [32mcb-kubecd-environment-pr-208-53-8xjb6-1[0m stage [32mfrom-build-pack[0m and container [32mstep-credential-initializer-qb6tn[0m
{"level":"info","ts":1587714365.7926376,"logger":"fallback-logger","caller":"logging/config.go:69","msg":"Fetch GitHub commit ID from kodata failed: open /var/run/ko/refs/heads/0.8.0-ns-support: no such file or directory"}
{"level":"info","ts":1587714365.7931921,"logger":"fallback-logger","caller":"creds-init/main.go:40","msg":"Credentials initialized."}

Showing logs for build [32mcb-kubecd-environment-pr-208-53-8xjb6-1[0m stage [32mfrom-build-pack[0m and container [32mstep-working-dir-initializer-84swh[0m
{"level":"info","ts":1587714366.6222415,"logger":"fallback-logger","caller":"logging/config.go:69","msg":"Fetch GitHub commit ID from kodata failed: open /var/run/ko/HEAD: no such file or directory"}
{"level":"info","ts":1587714366.62391,"logger":"fallback-logger","caller":"bash/main.go:64","msg":"Successfully executed command \"sh -c mkdir -p /workspace/source\"; output "}

Showing logs for build [32mcb-kubecd-environment-pr-208-53-8xjb6-1[0m stage [32mfrom-build-pack[0m and container [32mstep-place-tools[0m

Showing logs for build [32mcb-kubecd-environment-pr-208-53-8xjb6-1[0m stage [32mfrom-build-pack[0m and container [32mstep-git-source-cb-kubecd-environment-pr-208-53-8xjb6-l7bwf[0m
{"level":"info","ts":1587714370.753304,"logger":"fallback-logger","caller":"logging/config.go:69","msg":"Fetch GitHub commit ID from kodata failed: open /var/run/ko/refs/heads/0.8.0-ns-support: no such file or directory"}
{"level":"info","ts":1587714371.8093586,"logger":"fallback-logger","caller":"git/git.go:103","msg":"Successfully cloned https://github.com/cb-kubecd/environment-pr-208-53-boot-gke-staging.git @ master in path /workspace/source"}

Showing logs for build [32mcb-kubecd-environment-pr-208-53-8xjb6-1[0m stage [32mfrom-build-pack[0m and container [32mstep-git-merge[0m
Using SHAs from PULL_REFS=master:b3789b9a25eb3e217188a360724a5d109323d9e7,7:3768c46cfedfd276ebd13c44ab273ef54aef7c78
DEBUG: JX_LOG_LEVEL=error LC_ALL=C git fetch origin --unshallow 3768c46cfedfd276ebd13c44ab273ef54aef7c78: b3789b9a25eb3e217188a360724a5d109323d9e7:
DEBUG: ran git fetch --unshallow origin 3768c46cfedfd276ebd13c44ab273ef54aef7c78: b3789b9a25eb3e217188a360724a5d109323d9e7: in 
DEBUG: LC_ALL=C JX_LOG_LEVEL=error git branch
DEBUG: JX_LOG_LEVEL=error LC_ALL=C git checkout master
DEBUG: ran git checkout master in 
DEBUG: LC_ALL=C JX_LOG_LEVEL=error git reset --hard b3789b9a25eb3e217188a360724a5d109323d9e7
DEBUG: ran git reset --hard b3789b9a25eb3e217188a360724a5d109323d9e7 in 
DEBUG: LC_ALL=C JX_LOG_LEVEL=error git clean -fd .
DEBUG: ran clean --force -d . in 
DEBUG: LC_ALL=C JX_LOG_LEVEL=error git merge 3768c46cfedfd276ebd13c44ab273ef54aef7c78
DEBUG: ran git merge 3768c46cfedfd276ebd13c44ab273ef54aef7c78 in 
DEBUG: LC_ALL=C JX_LOG_LEVEL=error git log --format=%H%x1f%an%x1f%ae%x1f%cn%x1f%ce%x1f%s%n%b%x1e b3789b9a25eb3e217188a360724a5d109323d9e7..HEAD
Merged SHA 3768c46cfedfd276ebd13c44ab273ef54aef7c78 with commit message 'chore: Promote bdd-ghf**y-import-1587713030 to version 0.0.1' into base branch master

Showing logs for build [32mcb-kubecd-environment-pr-208-53-8xjb6-1[0m stage [32mfrom-build-pack[0m and container [32mstep-build-helm-build[0m
WARNING: No $CHART_REPOSITORY defined so using the default value of: http://jenkins-x-chartmuseum:8080
Adding missing Helm repo: storage.googleapis.com https://storage.googleapis.com/chartmuseum.jenkins-x.io
WARNING: No secrets found on "helm/repos" due: reading the secret "helm/repos" from vault: no secret "helm/repos" not found in vault
Read credentials for https://storage.googleapis.com/chartmuseum.jenkins-x.io from vault helm/repos
Successfully added Helm repository storage.googleapis.com.
Adding missing Helm repo: jenkins-x-chartmuseum http://jenkins-x-chartmuseum:8080
WARNING: No secrets found on "helm/repos" due: reading the secret "helm/repos" from vault: no secret "helm/repos" not found in vault
Read credentials for http://jenkins-x-chartmuseum:8080 from vault helm/repos
Successfully added Helm repository jenkins-x-chartmuseum.
WARNING: No $CHART_REPOSITORY defined so using the default value of: http://jenkins-x-chartmuseum:8080
Adding missing Helm repo: chartmuseum.jenkins-x.io http://chartmuseum.jenkins-x.io
WARNING: No secrets found on "helm/repos" due: reading the secret "helm/repos" from vault: no secret "helm/repos" not found in vault
Read credentials for http://chartmuseum.jenkins-x.io from vault helm/repos
Successfully added Helm repository chartmuseum.jenkins-x.io.
