
Showing logs for build [32mcb-kubecd-environment-pr-208-53-fgpv7-2[0m stage [32mfrom-build-pack[0m and container [32mstep-credential-initializer-l6k6r[0m
{"level":"info","ts":1587712424.750043,"logger":"fallback-logger","caller":"logging/config.go:69","msg":"Fetch GitHub commit ID from kodata failed: open /var/run/ko/refs/heads/0.8.0-ns-support: no such file or directory"}
{"level":"info","ts":1587712424.750821,"logger":"fallback-logger","caller":"creds-init/main.go:40","msg":"Credentials initialized."}

Showing logs for build [32mcb-kubecd-environment-pr-208-53-fgpv7-2[0m stage [32mfrom-build-pack[0m and container [32mstep-working-dir-initializer-sw8rh[0m
{"level":"info","ts":1587712425.6058524,"logger":"fallback-logger","caller":"logging/config.go:69","msg":"Fetch GitHub commit ID from kodata failed: open /var/run/ko/HEAD: no such file or directory"}
{"level":"info","ts":1587712425.6079187,"logger":"fallback-logger","caller":"bash/main.go:64","msg":"Successfully executed command \"sh -c mkdir -p /workspace/source\"; output "}

Showing logs for build [32mcb-kubecd-environment-pr-208-53-fgpv7-2[0m stage [32mfrom-build-pack[0m and container [32mstep-place-tools[0m

Showing logs for build [32mcb-kubecd-environment-pr-208-53-fgpv7-2[0m stage [32mfrom-build-pack[0m and container [32mstep-git-source-cb-kubecd-environment-pr-208-53-fgpv7-h4vjl[0m
{"level":"info","ts":1587712432.593367,"logger":"fallback-logger","caller":"logging/config.go:69","msg":"Fetch GitHub commit ID from kodata failed: open /var/run/ko/refs/heads/0.8.0-ns-support: no such file or directory"}
{"level":"info","ts":1587712433.8298159,"logger":"fallback-logger","caller":"git/git.go:103","msg":"Successfully cloned https://github.com/cb-kubecd/environment-pr-208-53-boot-gke-staging.git @ master in path /workspace/source"}

Showing logs for build [32mcb-kubecd-environment-pr-208-53-fgpv7-2[0m stage [32mfrom-build-pack[0m and container [32mstep-git-merge[0m
Using SHAs from PULL_REFS=master:8fd0736e713e67110cdd52c089e0db481d9553dd,4:52d0161a856469e8751106ef2f8ab15e845116c2
DEBUG: LC_ALL=C JX_LOG_LEVEL=error git fetch origin --unshallow 52d0161a856469e8751106ef2f8ab15e845116c2: 8fd0736e713e67110cdd52c089e0db481d9553dd:
DEBUG: ran git fetch --unshallow origin 52d0161a856469e8751106ef2f8ab15e845116c2: 8fd0736e713e67110cdd52c089e0db481d9553dd: in 
DEBUG: LC_ALL=C JX_LOG_LEVEL=error git branch
DEBUG: LC_ALL=C JX_LOG_LEVEL=error git checkout master
DEBUG: ran git checkout master in 
DEBUG: LC_ALL=C JX_LOG_LEVEL=error git reset --hard 8fd0736e713e67110cdd52c089e0db481d9553dd
DEBUG: ran git reset --hard 8fd0736e713e67110cdd52c089e0db481d9553dd in 
DEBUG: LC_ALL=C JX_LOG_LEVEL=error git clean -fd .
DEBUG: ran clean --force -d . in 
DEBUG: LC_ALL=C JX_LOG_LEVEL=error git merge 52d0161a856469e8751106ef2f8ab15e845116c2
DEBUG: ran git merge 52d0161a856469e8751106ef2f8ab15e845116c2 in 
DEBUG: LC_ALL=C JX_LOG_LEVEL=error git log --format=%H%x1f%an%x1f%ae%x1f%cn%x1f%ce%x1f%s%n%b%x1e 8fd0736e713e67110cdd52c089e0db481d9553dd..HEAD

Showing logs for build [32mcb-kubecd-environment-pr-208-53-fgpv7-2[0m stage [32mfrom-build-pack[0m and container [32mstep-build-helm-build[0m
WARNING: No $CHART_REPOSITORY defined so using the default value of: http://jenkins-x-chartmuseum:8080
Adding missing Helm repo: storage.googleapis.com https://storage.googleapis.com/chartmuseum.jenkins-x.io
WARNING: No secrets found on "helm/repos" due: reading the secret "helm/repos" from vault: no secret "helm/repos" not found in vault
Read credentials for https://storage.googleapis.com/chartmuseum.jenkins-x.io from vault helm/repos
Successfully added Helm repository storage.googleapis.com.
Adding missing Helm repo: jenkins-x-chartmuseum http://jenkins-x-chartmuseum:8080
WARNING: No secrets found on "helm/repos" due: reading the secret "helm/repos" from vault: no secret "helm/repos" not found in vault
Read credentials for http://jenkins-x-chartmuseum:8080 from vault helm/repos
Successfully added Helm repository jenkins-x-chartmuseum.
WARNING: No $CHART_REPOSITORY defined so using the default value of: http://jenkins-x-chartmuseum:8080
Adding missing Helm repo: chartmuseum.jenkins-x.io http://chartmuseum.jenkins-x.io
WARNING: No secrets found on "helm/repos" due: reading the secret "helm/repos" from vault: no secret "helm/repos" not found in vault
Read credentials for http://chartmuseum.jenkins-x.io from vault helm/repos
Successfully added Helm repository chartmuseum.jenkins-x.io.
